\BOOKMARK [0][-]{chapter.1}{Standard Model and Quark Gluon Plasma}{}% 1
\BOOKMARK [1][-]{section.1.1}{Standard model and Quantun Chromodynamics}{chapter.1}% 2
\BOOKMARK [2][-]{subsection.1.1.1}{Standard model}{section.1.1}% 3
\BOOKMARK [2][-]{subsection.1.1.2}{Quantum Chromodynamics}{section.1.1}% 4
\BOOKMARK [2][-]{subsection.1.1.3}{High Temperature QCD Matter}{section.1.1}% 5
\BOOKMARK [0][-]{chapter.2}{Quarkonia production and properties in Hot and dense matter}{}% 6
\BOOKMARK [1][-]{section.2.1}{Quarkonia}{chapter.2}% 7
\BOOKMARK [2][-]{subsection.2.1.1}{The discovery of quarkonia}{section.2.1}% 8
\BOOKMARK [2][-]{subsection.2.1.2}{Quarkonium production}{section.2.1}% 9
\BOOKMARK [2][-]{subsection.2.1.3}{Qualitative formation and decay times}{section.2.1}% 10
\BOOKMARK [2][-]{subsection.2.1.4}{Quarkonium binding potential}{section.2.1}% 11
\BOOKMARK [1][-]{section.2.2}{Experimental Status of Quarkonia Suppression}{chapter.2}% 12
\BOOKMARK [2][-]{subsection.2.2.1}{J/ anomalous suppression at SPS}{section.2.2}% 13
\BOOKMARK [2][-]{subsection.2.2.2}{J/ and \(nS\) suppression at RHIC}{section.2.2}% 14
\BOOKMARK [0][-]{chapter.3}{The Compact Muon Solenoid Experiment at The CERN Large Hadron Collider}{}% 15
\BOOKMARK [1][-]{section.3.1}{The LHC}{chapter.3}% 16
\BOOKMARK [2][-]{subsection.3.1.1}{The Accelerator Chain}{section.3.1}% 17
\BOOKMARK [1][-]{section.3.2}{Luminosity}{chapter.3}% 18
\BOOKMARK [1][-]{section.3.3}{Compact Muon Solenoid}{chapter.3}% 19
\BOOKMARK [2][-]{subsection.3.3.1}{Magnet}{section.3.3}% 20
\BOOKMARK [2][-]{subsection.3.3.2}{Tracker}{section.3.3}% 21
\BOOKMARK [2][-]{subsection.3.3.3}{Calorimetry}{section.3.3}% 22
\BOOKMARK [2][-]{subsection.3.3.4}{CMS Muon System}{section.3.3}% 23
\BOOKMARK [2][-]{subsection.3.3.5}{Trigger and Data Acquisition}{section.3.3}% 24
\BOOKMARK [2][-]{subsection.3.3.6}{CMS data flow}{section.3.3}% 25
\BOOKMARK [0][-]{chapter.4}{ production in Pb+Pb collisions}{}% 26
\BOOKMARK [1][-]{section.4.1}{\(nS\) in Pb+Pb collisions}{chapter.4}% 27
\BOOKMARK [1][-]{section.4.2}{Data Selection}{chapter.4}% 28
\BOOKMARK [2][-]{subsection.4.2.1}{Event Selection}{section.4.2}% 29
\BOOKMARK [2][-]{subsection.4.2.2}{Muon Selection}{section.4.2}% 30
\BOOKMARK [1][-]{section.4.3}{Signal Extraction}{chapter.4}% 31
\BOOKMARK [2][-]{subsection.4.3.1}{Upsilon\(1S\) Analysis}{section.4.3}% 32
\BOOKMARK [1][-]{section.4.4}{Acceptance and Efficiency}{chapter.4}% 33
\BOOKMARK [2][-]{subsection.4.4.1}{Acceptance}{section.4.4}% 34
\BOOKMARK [2][-]{subsection.4.4.2}{Efficiency}{section.4.4}% 35
\BOOKMARK [1][-]{section.4.5}{The pp Baseline Measurement}{chapter.4}% 36
\BOOKMARK [1][-]{section.4.6}{Results}{chapter.4}% 37
\BOOKMARK [2][-]{subsection.4.6.1}{Upsilon\(1S\)}{section.4.6}% 38
\BOOKMARK [1][-]{section.4.7}{Indication of suppression of excited \040states in PbPb collisions at sNN = 2.76 TeV}{chapter.4}% 39
\BOOKMARK [1][-]{section.4.8}{Discussion}{chapter.4}% 40
\BOOKMARK [0][-]{chapter.5}{Detail study of \040suppression in Pb+Pb collisions using 150 \040b-1 data with CMS detector at LHC.}{}% 41
\BOOKMARK [1][-]{section.5.1}{Introduction}{chapter.5}% 42
\BOOKMARK [1][-]{section.5.2}{Data Selection}{chapter.5}% 43
\BOOKMARK [2][-]{subsection.5.2.1}{Optimization procedure}{section.5.2}% 44
\BOOKMARK [2][-]{subsection.5.2.2}{Track and dimuon quality}{section.5.2}% 45
\BOOKMARK [2][-]{subsection.5.2.3}{Kinematic threshold}{section.5.2}% 46
\BOOKMARK [2][-]{subsection.5.2.4}{Summary of offline selection}{section.5.2}% 47
\BOOKMARK [0][-]{chapter.6}{Component of dimuon continuum}{}% 48
\BOOKMARK [1][-]{section.6.1}{Introduction}{chapter.6}% 49
\BOOKMARK [1][-]{section.6.2}{Dilepton production by hard processes}{chapter.6}% 50
\BOOKMARK [1][-]{section.6.3}{Thermal dilepton production}{chapter.6}% 51
\BOOKMARK [1][-]{section.6.4}{Results and discussion}{chapter.6}% 52
\BOOKMARK [1][-]{section.6.5}{CONCLUSIONS}{chapter.6}% 53
\BOOKMARK [0][-]{appendix.A}{appendices}{}% 54
\BOOKMARK [1][-]{section.A.1}{Extra Studies}{appendix.A}% 55
\BOOKMARK [1][-]{section.A.2}{rr}{appendix.A}% 56
\BOOKMARK [0][-]{appendix*.74}{Bibliography}{}% 57
\BOOKMARK [0][-]{appendix*.75}{List of Figures}{}% 58
\BOOKMARK [0][-]{appendix*.76}{List of Tables}{}% 59
